{
  "stats": {
    "suites": 7,
    "tests": 18,
    "passes": 0,
    "pending": 0,
    "failures": 18,
    "start": "2022-10-14T10:24:23.573Z",
    "end": "2022-10-14T10:25:48.857Z",
    "duration": 85284,
    "testsRegistered": 18,
    "passPercent": 0,
    "pendingPercent": 0,
    "other": 0,
    "hasOther": false,
    "skipped": 0,
    "hasSkipped": false
  },
  "results": [
    {
      "uuid": "a006ca3a-6af0-41bb-b327-9ddfc44ff4dd",
      "title": "",
      "fullFile": "cypress/e2e/public.cy.js",
      "file": "cypress/e2e/public.cy.js",
      "beforeHooks": [],
      "afterHooks": [],
      "tests": [],
      "suites": [
        {
          "uuid": "65eb83d7-3929-475e-91e1-55b727c03788",
          "title": "Hack01 Public Test",
          "fullFile": "",
          "file": "",
          "beforeHooks": [],
          "afterHooks": [],
          "tests": [],
          "suites": [
            {
              "uuid": "e885fe89-dc74-409f-a2b7-83686009fe16",
              "title": "Problem 1",
              "fullFile": "",
              "file": "",
              "beforeHooks": [],
              "afterHooks": [],
              "tests": [
                {
                  "title": "1-1 Keyboard-container exists and the third row is correct",
                  "fullTitle": "Hack01 Public Test Problem 1 1-1 Keyboard-container exists and the third row is correct",
                  "timedOut": null,
                  "duration": 4203,
                  "state": "failed",
                  "speed": null,
                  "pass": false,
                  "fail": true,
                  "pending": false,
                  "context": null,
                  "code": "cy.get('.Keyboard-container').should('be.visible');\nconst chars = ['Enter', 'z', 'x', 'c', 'v', 'b', 'n', 'm', ''];\ncy.get('.Keyboard-container > .Keyboard-row').eq(2).children().should('have.length', 9);\ncy.get('.Keyboard-container > .Keyboard-row').eq(2).children().each(($el, index) => {\n  cy.wrap($el).should('have.text', chars[index]);\n});\ncy.get('.Keyboard-container > .Keyboard-row').eq(2).children().first().should('have.class', 'Keyboard-char-enter');\ncy.get('.Keyboard-container > .Keyboard-row').eq(2).children().last().should('have.class', 'Keyboard-char-backspace');",
                  "err": {
                    "message": "AssertionError: Timed out retrying after 4000ms: Expected to find element: `.Keyboard-container`, but never found it.",
                    "estack": "AssertionError: Timed out retrying after 4000ms: Expected to find element: `.Keyboard-container`, but never found it.\n    at ./cypress/e2e/public.cy.js/</ (webpack:///./cypress/e2e/public.cy.js:10:42)\n    at ../driver/src/cypress/cy.ts/setRunnable/runnable.fn (http://localhost:3000/__cypress/runner/cypress_runner.js:157625:43)\n    at callFn (http://localhost:3000/__cypress/runner/cypress_runner.js:107910:21)\n    at ../driver/src/cypress/runner.ts/create/onRunnableRun (http://localhost:3000/__cypress/runner/cypress_runner.js:164934:30)\n    at finallyHandler (http://localhost:3000/__cypress/runner/cypress_runner.js:7872:23)\n    at tryCatcher (http://localhost:3000/__cypress/runner/cypress_runner.js:11318:23)\n    at ../../node_modules/bluebird/js/release/promise.js/</module.exports/Promise.prototype._settlePromiseFromHandler (http://localhost:3000/__cypress/runner/cypress_runner.js:9253:31)\n    at ../../node_modules/bluebird/js/release/promise.js/</module.exports/Promise.prototype._settlePromise (http://localhost:3000/__cypress/runner/cypress_runner.js:9310:18)\n    at ../../node_modules/bluebird/js/release/promise.js/</module.exports/Promise.prototype._settlePromise0 (http://localhost:3000/__cypress/runner/cypress_runner.js:9355:10)\n    at ../../node_modules/bluebird/js/release/promise.js/</module.exports/Promise.prototype._settlePromises (http://localhost:3000/__cypress/runner/cypress_runner.js:9435:18)\n    at _drainQueueStep (http://localhost:3000/__cypress/runner/cypress_runner.js:6025:12)\n    at _drainQueue (http://localhost:3000/__cypress/runner/cypress_runner.js:6018:24)\n    at ../../node_modules/bluebird/js/release/async.js/</Async.prototype._drainQueues (http://localhost:3000/__cypress/runner/cypress_runner.js:6034:16)\n    at ../../node_modules/bluebird/js/release/async.js/</Async/this.drainQueues (http://localhost:3000/__cypress/runner/cypress_runner.js:5904:14)",
                    "diff": null
                  },
                  "uuid": "07ae1ae7-6333-45cd-8a99-539d5af251e6",
                  "parentUUID": "e885fe89-dc74-409f-a2b7-83686009fe16",
                  "isHook": false,
                  "skipped": false
                },
                {
                  "title": "1-2-1 Keyboard-container first row correct",
                  "fullTitle": "Hack01 Public Test Problem 1 1-2-1 Keyboard-container first row correct",
                  "timedOut": null,
                  "duration": 4128,
                  "state": "failed",
                  "speed": null,
                  "pass": false,
                  "fail": true,
                  "pending": false,
                  "context": null,
                  "code": "const chars = 'q w e r t y u i o p'.split(' ');\ncy.get('.Keyboard-container > .Keyboard-row').eq(0).children().should('have.length', 10);\ncy.get('.Keyboard-container > .Keyboard-row').eq(0).children().each(($el, index) => {\n  cy.wrap($el).should('have.text', chars[index]);\n});",
                  "err": {
                    "message": "AssertionError: Timed out retrying after 4000ms: Expected to find element: `.Keyboard-container > .Keyboard-row`, but never found it.",
                    "estack": "AssertionError: Timed out retrying after 4000ms: Expected to find element: `.Keyboard-container > .Keyboard-row`, but never found it.\n    at ./cypress/e2e/public.cy.js/</ (webpack:///./cypress/e2e/public.cy.js:36:15)\n    at ../driver/src/cypress/cy.ts/setRunnable/runnable.fn (http://localhost:3000/__cypress/runner/cypress_runner.js:157625:43)\n    at callFn (http://localhost:3000/__cypress/runner/cypress_runner.js:107910:21)\n    at ../driver/src/cypress/runner.ts/create/onRunnableRun (http://localhost:3000/__cypress/runner/cypress_runner.js:164934:30)\n    at finallyHandler (http://localhost:3000/__cypress/runner/cypress_runner.js:7872:23)\n    at tryCatcher (http://localhost:3000/__cypress/runner/cypress_runner.js:11318:23)\n    at ../../node_modules/bluebird/js/release/promise.js/</module.exports/Promise.prototype._settlePromiseFromHandler (http://localhost:3000/__cypress/runner/cypress_runner.js:9253:31)\n    at ../../node_modules/bluebird/js/release/promise.js/</module.exports/Promise.prototype._settlePromise (http://localhost:3000/__cypress/runner/cypress_runner.js:9310:18)\n    at ../../node_modules/bluebird/js/release/promise.js/</module.exports/Promise.prototype._settlePromise0 (http://localhost:3000/__cypress/runner/cypress_runner.js:9355:10)\n    at ../../node_modules/bluebird/js/release/promise.js/</module.exports/Promise.prototype._settlePromises (http://localhost:3000/__cypress/runner/cypress_runner.js:9435:18)\n    at _drainQueueStep (http://localhost:3000/__cypress/runner/cypress_runner.js:6025:12)\n    at _drainQueue (http://localhost:3000/__cypress/runner/cypress_runner.js:6018:24)\n    at ../../node_modules/bluebird/js/release/async.js/</Async.prototype._drainQueues (http://localhost:3000/__cypress/runner/cypress_runner.js:6034:16)\n    at ../../node_modules/bluebird/js/release/async.js/</Async/this.drainQueues (http://localhost:3000/__cypress/runner/cypress_runner.js:5904:14)",
                    "diff": null
                  },
                  "uuid": "a918198f-b15a-4471-96a2-09f16ace53b6",
                  "parentUUID": "e885fe89-dc74-409f-a2b7-83686009fe16",
                  "isHook": false,
                  "skipped": false
                },
                {
                  "title": "1-2-2 Keyboard-container second row correct",
                  "fullTitle": "Hack01 Public Test Problem 1 1-2-2 Keyboard-container second row correct",
                  "timedOut": null,
                  "duration": 4126,
                  "state": "failed",
                  "speed": null,
                  "pass": false,
                  "fail": true,
                  "pending": false,
                  "context": null,
                  "code": "const chars = 'a s d f g h j k l'.split(' ');\ncy.get('.Keyboard-container > .Keyboard-row').eq(1).children().should('have.length', 9);\ncy.get('.Keyboard-container > .Keyboard-row').eq(1).children().each(($el, index) => {\n  cy.wrap($el).should('have.text', chars[index]);\n});",
                  "err": {
                    "message": "AssertionError: Timed out retrying after 4000ms: Expected to find element: `.Keyboard-container > .Keyboard-row`, but never found it.",
                    "estack": "AssertionError: Timed out retrying after 4000ms: Expected to find element: `.Keyboard-container > .Keyboard-row`, but never found it.\n    at ./cypress/e2e/public.cy.js/</ (webpack:///./cypress/e2e/public.cy.js:50:15)\n    at ../driver/src/cypress/cy.ts/setRunnable/runnable.fn (http://localhost:3000/__cypress/runner/cypress_runner.js:157625:43)\n    at callFn (http://localhost:3000/__cypress/runner/cypress_runner.js:107910:21)\n    at ../driver/src/cypress/runner.ts/create/onRunnableRun (http://localhost:3000/__cypress/runner/cypress_runner.js:164934:30)\n    at finallyHandler (http://localhost:3000/__cypress/runner/cypress_runner.js:7872:23)\n    at tryCatcher (http://localhost:3000/__cypress/runner/cypress_runner.js:11318:23)\n    at ../../node_modules/bluebird/js/release/promise.js/</module.exports/Promise.prototype._settlePromiseFromHandler (http://localhost:3000/__cypress/runner/cypress_runner.js:9253:31)\n    at ../../node_modules/bluebird/js/release/promise.js/</module.exports/Promise.prototype._settlePromise (http://localhost:3000/__cypress/runner/cypress_runner.js:9310:18)\n    at ../../node_modules/bluebird/js/release/promise.js/</module.exports/Promise.prototype._settlePromise0 (http://localhost:3000/__cypress/runner/cypress_runner.js:9355:10)\n    at ../../node_modules/bluebird/js/release/promise.js/</module.exports/Promise.prototype._settlePromises (http://localhost:3000/__cypress/runner/cypress_runner.js:9435:18)\n    at _drainQueueStep (http://localhost:3000/__cypress/runner/cypress_runner.js:6025:12)\n    at _drainQueue (http://localhost:3000/__cypress/runner/cypress_runner.js:6018:24)\n    at ../../node_modules/bluebird/js/release/async.js/</Async.prototype._drainQueues (http://localhost:3000/__cypress/runner/cypress_runner.js:6034:16)\n    at ../../node_modules/bluebird/js/release/async.js/</Async/this.drainQueues (http://localhost:3000/__cypress/runner/cypress_runner.js:5904:14)",
                    "diff": null
                  },
                  "uuid": "fd5a84b3-9370-4054-8b33-2bafc7ecc817",
                  "parentUUID": "e885fe89-dc74-409f-a2b7-83686009fe16",
                  "isHook": false,
                  "skipped": false
                }
              ],
              "suites": [],
              "passes": [],
              "failures": [
                "07ae1ae7-6333-45cd-8a99-539d5af251e6",
                "a918198f-b15a-4471-96a2-09f16ace53b6",
                "fd5a84b3-9370-4054-8b33-2bafc7ecc817"
              ],
              "pending": [],
              "skipped": [],
              "duration": 12457,
              "root": false,
              "rootEmpty": false,
              "_timeout": 2000
            },
            {
              "uuid": "daafd328-cdc1-4d9f-bcf4-d22bc1526c71",
              "title": "Problem 2",
              "fullFile": "",
              "file": "",
              "beforeHooks": [],
              "afterHooks": [],
              "tests": [
                {
                  "title": "2-1 Board-container exists",
                  "fullTitle": "Hack01 Public Test Problem 2 2-1 Board-container exists",
                  "timedOut": null,
                  "duration": 4147,
                  "state": "failed",
                  "speed": null,
                  "pass": false,
                  "fail": true,
                  "pending": false,
                  "context": null,
                  "code": "cy.get('.Board-container').should('be.visible');",
                  "err": {
                    "message": "AssertionError: Timed out retrying after 4000ms: Expected to find element: `.Board-container`, but never found it.",
                    "estack": "AssertionError: Timed out retrying after 4000ms: Expected to find element: `.Board-container`, but never found it.\n    at ./cypress/e2e/public.cy.js/</ (webpack:///./cypress/e2e/public.cy.js:65:39)\n    at ../driver/src/cypress/cy.ts/setRunnable/runnable.fn (http://localhost:3000/__cypress/runner/cypress_runner.js:157625:43)\n    at callFn (http://localhost:3000/__cypress/runner/cypress_runner.js:107910:21)\n    at ../driver/src/cypress/runner.ts/create/onRunnableRun (http://localhost:3000/__cypress/runner/cypress_runner.js:164934:30)\n    at finallyHandler (http://localhost:3000/__cypress/runner/cypress_runner.js:7872:23)\n    at tryCatcher (http://localhost:3000/__cypress/runner/cypress_runner.js:11318:23)\n    at ../../node_modules/bluebird/js/release/promise.js/</module.exports/Promise.prototype._settlePromiseFromHandler (http://localhost:3000/__cypress/runner/cypress_runner.js:9253:31)\n    at ../../node_modules/bluebird/js/release/promise.js/</module.exports/Promise.prototype._settlePromise (http://localhost:3000/__cypress/runner/cypress_runner.js:9310:18)\n    at ../../node_modules/bluebird/js/release/promise.js/</module.exports/Promise.prototype._settlePromise0 (http://localhost:3000/__cypress/runner/cypress_runner.js:9355:10)\n    at ../../node_modules/bluebird/js/release/promise.js/</module.exports/Promise.prototype._settlePromises (http://localhost:3000/__cypress/runner/cypress_runner.js:9435:18)\n    at _drainQueueStep (http://localhost:3000/__cypress/runner/cypress_runner.js:6025:12)\n    at _drainQueue (http://localhost:3000/__cypress/runner/cypress_runner.js:6018:24)\n    at ../../node_modules/bluebird/js/release/async.js/</Async.prototype._drainQueues (http://localhost:3000/__cypress/runner/cypress_runner.js:6034:16)\n    at ../../node_modules/bluebird/js/release/async.js/</Async/this.drainQueues (http://localhost:3000/__cypress/runner/cypress_runner.js:5904:14)",
                    "diff": null
                  },
                  "uuid": "c2eb27ad-f006-4270-ac01-1d81d1965462",
                  "parentUUID": "daafd328-cdc1-4d9f-bcf4-d22bc1526c71",
                  "isHook": false,
                  "skipped": false
                },
                {
                  "title": "2-2-1 There are six Row-containers",
                  "fullTitle": "Hack01 Public Test Problem 2 2-2-1 There are six Row-containers",
                  "timedOut": null,
                  "duration": 4109,
                  "state": "failed",
                  "speed": null,
                  "pass": false,
                  "fail": true,
                  "pending": false,
                  "context": null,
                  "code": "cy.get('.Board-container > .Row-container').should('have.length', 6);",
                  "err": {
                    "message": "AssertionError: Timed out retrying after 4000ms: Expected to find element: `.Board-container > .Row-container`, but never found it.",
                    "estack": "AssertionError: Timed out retrying after 4000ms: Expected to find element: `.Board-container > .Row-container`, but never found it.\n    at ./cypress/e2e/public.cy.js/</ (webpack:///./cypress/e2e/public.cy.js:68:56)\n    at ../driver/src/cypress/cy.ts/setRunnable/runnable.fn (http://localhost:3000/__cypress/runner/cypress_runner.js:157625:43)\n    at callFn (http://localhost:3000/__cypress/runner/cypress_runner.js:107910:21)\n    at ../driver/src/cypress/runner.ts/create/onRunnableRun (http://localhost:3000/__cypress/runner/cypress_runner.js:164934:30)\n    at finallyHandler (http://localhost:3000/__cypress/runner/cypress_runner.js:7872:23)\n    at tryCatcher (http://localhost:3000/__cypress/runner/cypress_runner.js:11318:23)\n    at ../../node_modules/bluebird/js/release/promise.js/</module.exports/Promise.prototype._settlePromiseFromHandler (http://localhost:3000/__cypress/runner/cypress_runner.js:9253:31)\n    at ../../node_modules/bluebird/js/release/promise.js/</module.exports/Promise.prototype._settlePromise (http://localhost:3000/__cypress/runner/cypress_runner.js:9310:18)\n    at ../../node_modules/bluebird/js/release/promise.js/</module.exports/Promise.prototype._settlePromise0 (http://localhost:3000/__cypress/runner/cypress_runner.js:9355:10)\n    at ../../node_modules/bluebird/js/release/promise.js/</module.exports/Promise.prototype._settlePromises (http://localhost:3000/__cypress/runner/cypress_runner.js:9435:18)\n    at _drainQueueStep (http://localhost:3000/__cypress/runner/cypress_runner.js:6025:12)\n    at _drainQueue (http://localhost:3000/__cypress/runner/cypress_runner.js:6018:24)\n    at ../../node_modules/bluebird/js/release/async.js/</Async.prototype._drainQueues (http://localhost:3000/__cypress/runner/cypress_runner.js:6034:16)\n    at ../../node_modules/bluebird/js/release/async.js/</Async/this.drainQueues (http://localhost:3000/__cypress/runner/cypress_runner.js:5904:14)",
                    "diff": null
                  },
                  "uuid": "1be27ed2-cbbf-4851-a7c1-17bc127b049e",
                  "parentUUID": "daafd328-cdc1-4d9f-bcf4-d22bc1526c71",
                  "isHook": false,
                  "skipped": false
                },
                {
                  "title": "2-2-2 CurRow is at the first row",
                  "fullTitle": "Hack01 Public Test Problem 2 2-2-2 CurRow is at the first row",
                  "timedOut": null,
                  "duration": 4105,
                  "state": "failed",
                  "speed": null,
                  "pass": false,
                  "fail": true,
                  "pending": false,
                  "context": null,
                  "code": "cy.get('.Board-container > .Row-container').children().eq(0).should('have.class', 'current');",
                  "err": {
                    "message": "AssertionError: Timed out retrying after 4000ms: Expected to find element: `.Board-container > .Row-container`, but never found it.",
                    "estack": "AssertionError: Timed out retrying after 4000ms: Expected to find element: `.Board-container > .Row-container`, but never found it.\n    at ./cypress/e2e/public.cy.js/</ (webpack:///./cypress/e2e/public.cy.js:71:15)\n    at ../driver/src/cypress/cy.ts/setRunnable/runnable.fn (http://localhost:3000/__cypress/runner/cypress_runner.js:157625:43)\n    at callFn (http://localhost:3000/__cypress/runner/cypress_runner.js:107910:21)\n    at ../driver/src/cypress/runner.ts/create/onRunnableRun (http://localhost:3000/__cypress/runner/cypress_runner.js:164934:30)\n    at finallyHandler (http://localhost:3000/__cypress/runner/cypress_runner.js:7872:23)\n    at tryCatcher (http://localhost:3000/__cypress/runner/cypress_runner.js:11318:23)\n    at ../../node_modules/bluebird/js/release/promise.js/</module.exports/Promise.prototype._settlePromiseFromHandler (http://localhost:3000/__cypress/runner/cypress_runner.js:9253:31)\n    at ../../node_modules/bluebird/js/release/promise.js/</module.exports/Promise.prototype._settlePromise (http://localhost:3000/__cypress/runner/cypress_runner.js:9310:18)\n    at ../../node_modules/bluebird/js/release/promise.js/</module.exports/Promise.prototype._settlePromise0 (http://localhost:3000/__cypress/runner/cypress_runner.js:9355:10)\n    at ../../node_modules/bluebird/js/release/promise.js/</module.exports/Promise.prototype._settlePromises (http://localhost:3000/__cypress/runner/cypress_runner.js:9435:18)\n    at _drainQueueStep (http://localhost:3000/__cypress/runner/cypress_runner.js:6025:12)\n    at _drainQueue (http://localhost:3000/__cypress/runner/cypress_runner.js:6018:24)\n    at ../../node_modules/bluebird/js/release/async.js/</Async.prototype._drainQueues (http://localhost:3000/__cypress/runner/cypress_runner.js:6034:16)\n    at ../../node_modules/bluebird/js/release/async.js/</Async/this.drainQueues (http://localhost:3000/__cypress/runner/cypress_runner.js:5904:14)",
                    "diff": null
                  },
                  "uuid": "bdb6cd4c-4ec6-4231-b148-5412afcd0a4b",
                  "parentUUID": "daafd328-cdc1-4d9f-bcf4-d22bc1526c71",
                  "isHook": false,
                  "skipped": false
                }
              ],
              "suites": [],
              "passes": [],
              "failures": [
                "c2eb27ad-f006-4270-ac01-1d81d1965462",
                "1be27ed2-cbbf-4851-a7c1-17bc127b049e",
                "bdb6cd4c-4ec6-4231-b148-5412afcd0a4b"
              ],
              "pending": [],
              "skipped": [],
              "duration": 12361,
              "root": false,
              "rootEmpty": false,
              "_timeout": 2000
            },
            {
              "uuid": "68a385c9-4f3d-4996-8929-3647a252d5d4",
              "title": "Problem 3",
              "fullFile": "",
              "file": "",
              "beforeHooks": [],
              "afterHooks": [],
              "tests": [
                {
                  "title": "3-1 curGuess is rendered onto CurRow",
                  "fullTitle": "Hack01 Public Test Problem 3 3-1 curGuess is rendered onto CurRow",
                  "timedOut": null,
                  "duration": 4179,
                  "state": "failed",
                  "speed": null,
                  "pass": false,
                  "fail": true,
                  "pending": false,
                  "context": null,
                  "code": "cy.get('body').type('{a}');\ncy.get('.Row-wrapper.current').children().eq(0).should('have.text', 'a');\ncy.get('body').type('{b}').type('{c}').type('{e}');\ncy.get('.Row-wrapper.current').children().eq(1).should('have.text', 'b');\ncy.get('.Row-wrapper.current').children().eq(2).should('have.text', 'c');\ncy.get('.Row-wrapper.current').children().eq(3).should('have.text', 'e');",
                  "err": {
                    "message": "AssertionError: Timed out retrying after 4000ms: Expected to find element: `.Row-wrapper.current`, but never found it.",
                    "estack": "AssertionError: Timed out retrying after 4000ms: Expected to find element: `.Row-wrapper.current`, but never found it.\n    at ./cypress/e2e/public.cy.js/</ (webpack:///./cypress/e2e/public.cy.js:81:15)\n    at ../driver/src/cypress/cy.ts/setRunnable/runnable.fn (http://localhost:3000/__cypress/runner/cypress_runner.js:157625:43)\n    at callFn (http://localhost:3000/__cypress/runner/cypress_runner.js:107910:21)\n    at ../driver/src/cypress/runner.ts/create/onRunnableRun (http://localhost:3000/__cypress/runner/cypress_runner.js:164934:30)\n    at finallyHandler (http://localhost:3000/__cypress/runner/cypress_runner.js:7872:23)\n    at tryCatcher (http://localhost:3000/__cypress/runner/cypress_runner.js:11318:23)\n    at ../../node_modules/bluebird/js/release/promise.js/</module.exports/Promise.prototype._settlePromiseFromHandler (http://localhost:3000/__cypress/runner/cypress_runner.js:9253:31)\n    at ../../node_modules/bluebird/js/release/promise.js/</module.exports/Promise.prototype._settlePromise (http://localhost:3000/__cypress/runner/cypress_runner.js:9310:18)\n    at ../../node_modules/bluebird/js/release/promise.js/</module.exports/Promise.prototype._settlePromise0 (http://localhost:3000/__cypress/runner/cypress_runner.js:9355:10)\n    at ../../node_modules/bluebird/js/release/promise.js/</module.exports/Promise.prototype._settlePromises (http://localhost:3000/__cypress/runner/cypress_runner.js:9435:18)\n    at _drainQueueStep (http://localhost:3000/__cypress/runner/cypress_runner.js:6025:12)\n    at _drainQueue (http://localhost:3000/__cypress/runner/cypress_runner.js:6018:24)\n    at ../../node_modules/bluebird/js/release/async.js/</Async.prototype._drainQueues (http://localhost:3000/__cypress/runner/cypress_runner.js:6034:16)\n    at ../../node_modules/bluebird/js/release/async.js/</Async/this.drainQueues (http://localhost:3000/__cypress/runner/cypress_runner.js:5904:14)",
                    "diff": null
                  },
                  "uuid": "9de09b9f-5beb-4c89-bfd7-5947e7e5a68b",
                  "parentUUID": "68a385c9-4f3d-4996-8929-3647a252d5d4",
                  "isHook": false,
                  "skipped": false
                },
                {
                  "title": "3-2 Type more than 5 letters",
                  "fullTitle": "Hack01 Public Test Problem 3 3-2 Type more than 5 letters",
                  "timedOut": null,
                  "duration": 4533,
                  "state": "failed",
                  "speed": null,
                  "pass": false,
                  "fail": true,
                  "pending": false,
                  "context": null,
                  "code": "const test = ['a', 'b', 'c', 'd', 'e', 'f'];\nfor (let i = 0; i < test.length; i += 1) {\n  cy.get('body').type(`{${test[i]}}`);\n}\ncy.get('.Row-wrapper.current').children().each(($el, index) => {\n  cy.wrap($el).should('have.text', test[index]);\n});",
                  "err": {
                    "message": "AssertionError: Timed out retrying after 4000ms: Expected to find element: `.Row-wrapper.current`, but never found it.",
                    "estack": "AssertionError: Timed out retrying after 4000ms: Expected to find element: `.Row-wrapper.current`, but never found it.\n    at ./cypress/e2e/public.cy.js/</ (webpack:///./cypress/e2e/public.cy.js:95:15)\n    at ../driver/src/cypress/cy.ts/setRunnable/runnable.fn (http://localhost:3000/__cypress/runner/cypress_runner.js:157625:43)\n    at callFn (http://localhost:3000/__cypress/runner/cypress_runner.js:107910:21)\n    at ../driver/src/cypress/runner.ts/create/onRunnableRun (http://localhost:3000/__cypress/runner/cypress_runner.js:164934:30)\n    at finallyHandler (http://localhost:3000/__cypress/runner/cypress_runner.js:7872:23)\n    at tryCatcher (http://localhost:3000/__cypress/runner/cypress_runner.js:11318:23)\n    at ../../node_modules/bluebird/js/release/promise.js/</module.exports/Promise.prototype._settlePromiseFromHandler (http://localhost:3000/__cypress/runner/cypress_runner.js:9253:31)\n    at ../../node_modules/bluebird/js/release/promise.js/</module.exports/Promise.prototype._settlePromise (http://localhost:3000/__cypress/runner/cypress_runner.js:9310:18)\n    at ../../node_modules/bluebird/js/release/promise.js/</module.exports/Promise.prototype._settlePromise0 (http://localhost:3000/__cypress/runner/cypress_runner.js:9355:10)\n    at ../../node_modules/bluebird/js/release/promise.js/</module.exports/Promise.prototype._settlePromises (http://localhost:3000/__cypress/runner/cypress_runner.js:9435:18)\n    at _drainQueueStep (http://localhost:3000/__cypress/runner/cypress_runner.js:6025:12)\n    at _drainQueue (http://localhost:3000/__cypress/runner/cypress_runner.js:6018:24)\n    at ../../node_modules/bluebird/js/release/async.js/</Async.prototype._drainQueues (http://localhost:3000/__cypress/runner/cypress_runner.js:6034:16)\n    at ../../node_modules/bluebird/js/release/async.js/</Async/this.drainQueues (http://localhost:3000/__cypress/runner/cypress_runner.js:5904:14)",
                    "diff": null
                  },
                  "uuid": "99c14a22-7a05-4513-99ac-c7ee2167355b",
                  "parentUUID": "68a385c9-4f3d-4996-8929-3647a252d5d4",
                  "isHook": false,
                  "skipped": false
                },
                {
                  "title": "3-3 Backspace is working",
                  "fullTitle": "Hack01 Public Test Problem 3 3-3 Backspace is working",
                  "timedOut": null,
                  "duration": 4586,
                  "state": "failed",
                  "speed": null,
                  "pass": false,
                  "fail": true,
                  "pending": false,
                  "context": null,
                  "code": "const test = ['z', 'x', 'c', 'v', 'backspace', 'b', 'n'];\nconst ans = ['z', 'x', 'c', 'b', 'n'];\nfor (let i = 0; i < test.length; i += 1) {\n  cy.get('body').type(`{${test[i]}}`);\n}\ncy.get('.Row-wrapper.current').children().each(($el, index) => {\n  cy.wrap($el).should('have.text', ans[index]);\n});",
                  "err": {
                    "message": "AssertionError: Timed out retrying after 4000ms: Expected to find element: `.Row-wrapper.current`, but never found it.",
                    "estack": "AssertionError: Timed out retrying after 4000ms: Expected to find element: `.Row-wrapper.current`, but never found it.\n    at ./cypress/e2e/public.cy.js/</ (webpack:///./cypress/e2e/public.cy.js:107:15)\n    at ../driver/src/cypress/cy.ts/setRunnable/runnable.fn (http://localhost:3000/__cypress/runner/cypress_runner.js:157625:43)\n    at callFn (http://localhost:3000/__cypress/runner/cypress_runner.js:107910:21)\n    at ../driver/src/cypress/runner.ts/create/onRunnableRun (http://localhost:3000/__cypress/runner/cypress_runner.js:164934:30)\n    at finallyHandler (http://localhost:3000/__cypress/runner/cypress_runner.js:7872:23)\n    at tryCatcher (http://localhost:3000/__cypress/runner/cypress_runner.js:11318:23)\n    at ../../node_modules/bluebird/js/release/promise.js/</module.exports/Promise.prototype._settlePromiseFromHandler (http://localhost:3000/__cypress/runner/cypress_runner.js:9253:31)\n    at ../../node_modules/bluebird/js/release/promise.js/</module.exports/Promise.prototype._settlePromise (http://localhost:3000/__cypress/runner/cypress_runner.js:9310:18)\n    at ../../node_modules/bluebird/js/release/promise.js/</module.exports/Promise.prototype._settlePromise0 (http://localhost:3000/__cypress/runner/cypress_runner.js:9355:10)\n    at ../../node_modules/bluebird/js/release/promise.js/</module.exports/Promise.prototype._settlePromises (http://localhost:3000/__cypress/runner/cypress_runner.js:9435:18)\n    at _drainQueueStep (http://localhost:3000/__cypress/runner/cypress_runner.js:6025:12)\n    at _drainQueue (http://localhost:3000/__cypress/runner/cypress_runner.js:6018:24)\n    at ../../node_modules/bluebird/js/release/async.js/</Async.prototype._drainQueues (http://localhost:3000/__cypress/runner/cypress_runner.js:6034:16)\n    at ../../node_modules/bluebird/js/release/async.js/</Async/this.drainQueues (http://localhost:3000/__cypress/runner/cypress_runner.js:5904:14)",
                    "diff": null
                  },
                  "uuid": "37edda83-7615-4a1f-a910-d20a26da7501",
                  "parentUUID": "68a385c9-4f3d-4996-8929-3647a252d5d4",
                  "isHook": false,
                  "skipped": false
                },
                {
                  "title": "3-4 Filled wordboxes should have class filled",
                  "fullTitle": "Hack01 Public Test Problem 3 3-4 Filled wordboxes should have class filled",
                  "timedOut": null,
                  "duration": 4105,
                  "state": "failed",
                  "speed": null,
                  "pass": false,
                  "fail": true,
                  "pending": false,
                  "context": null,
                  "code": "cy.get('.Row-wrapper.current').children().each(($el, index) => {\n  cy.wrap($el).not('have.class', 'filled');\n});\ncy.get('body').type('{z}').type('{x}');\ncy.get('.Row-wrapper.current').children().each(($el, index) => {\n  if (index < 2) {\n    cy.wrap($el).should('have.class', 'filled');\n  } else {\n    cy.wrap($el).not('have.class', 'filled');\n  }\n});",
                  "err": {
                    "message": "AssertionError: Timed out retrying after 4000ms: Expected to find element: `.Row-wrapper.current`, but never found it.",
                    "estack": "AssertionError: Timed out retrying after 4000ms: Expected to find element: `.Row-wrapper.current`, but never found it.\n    at ./cypress/e2e/public.cy.js/</ (webpack:///./cypress/e2e/public.cy.js:114:15)\n    at ../driver/src/cypress/cy.ts/setRunnable/runnable.fn (http://localhost:3000/__cypress/runner/cypress_runner.js:157625:43)\n    at callFn (http://localhost:3000/__cypress/runner/cypress_runner.js:107910:21)\n    at ../driver/src/cypress/runner.ts/create/onRunnableRun (http://localhost:3000/__cypress/runner/cypress_runner.js:164934:30)\n    at finallyHandler (http://localhost:3000/__cypress/runner/cypress_runner.js:7872:23)\n    at tryCatcher (http://localhost:3000/__cypress/runner/cypress_runner.js:11318:23)\n    at ../../node_modules/bluebird/js/release/promise.js/</module.exports/Promise.prototype._settlePromiseFromHandler (http://localhost:3000/__cypress/runner/cypress_runner.js:9253:31)\n    at ../../node_modules/bluebird/js/release/promise.js/</module.exports/Promise.prototype._settlePromise (http://localhost:3000/__cypress/runner/cypress_runner.js:9310:18)\n    at ../../node_modules/bluebird/js/release/promise.js/</module.exports/Promise.prototype._settlePromise0 (http://localhost:3000/__cypress/runner/cypress_runner.js:9355:10)\n    at ../../node_modules/bluebird/js/release/promise.js/</module.exports/Promise.prototype._settlePromises (http://localhost:3000/__cypress/runner/cypress_runner.js:9435:18)\n    at _drainQueueStep (http://localhost:3000/__cypress/runner/cypress_runner.js:6025:12)\n    at _drainQueue (http://localhost:3000/__cypress/runner/cypress_runner.js:6018:24)\n    at ../../node_modules/bluebird/js/release/async.js/</Async.prototype._drainQueues (http://localhost:3000/__cypress/runner/cypress_runner.js:6034:16)\n    at ../../node_modules/bluebird/js/release/async.js/</Async/this.drainQueues (http://localhost:3000/__cypress/runner/cypress_runner.js:5904:14)",
                    "diff": null
                  },
                  "uuid": "ccb6744b-6c22-4f10-89a3-35a2660e843f",
                  "parentUUID": "68a385c9-4f3d-4996-8929-3647a252d5d4",
                  "isHook": false,
                  "skipped": false
                }
              ],
              "suites": [],
              "passes": [],
              "failures": [
                "9de09b9f-5beb-4c89-bfd7-5947e7e5a68b",
                "99c14a22-7a05-4513-99ac-c7ee2167355b",
                "37edda83-7615-4a1f-a910-d20a26da7501",
                "ccb6744b-6c22-4f10-89a3-35a2660e843f"
              ],
              "pending": [],
              "skipped": [],
              "duration": 17403,
              "root": false,
              "rootEmpty": false,
              "_timeout": 2000
            },
            {
              "uuid": "7a6711f3-5b20-4c0f-9363-a5aecf1251e5",
              "title": "Problem 4",
              "fullFile": "",
              "file": "",
              "beforeHooks": [],
              "afterHooks": [],
              "tests": [
                {
                  "title": "4-1 CurRow change after pressing enter",
                  "fullTitle": "Hack01 Public Test Problem 4 4-1 CurRow change after pressing enter",
                  "timedOut": null,
                  "duration": 4548,
                  "state": "failed",
                  "speed": null,
                  "pass": false,
                  "fail": true,
                  "pending": false,
                  "context": null,
                  "code": "const test = ['a', 'b', 'c', 'd', 'e', 'enter'];\nfor (let i = 0; i < test.length; i += 1) {\n  cy.get('body').type(`{${test[i]}}`);\n}\ncy.get('.Board-container').children().eq(0).get('.Row-wrapper').not('have.class', 'current');\ncy.get('.Board-container').children().eq(1).get('.Row-wrapper').should('have.class', 'current');",
                  "err": {
                    "message": "AssertionError: Timed out retrying after 4000ms: Expected to find element: `.Board-container`, but never found it.",
                    "estack": "AssertionError: Timed out retrying after 4000ms: Expected to find element: `.Board-container`, but never found it.\n    at ./cypress/e2e/public.cy.js/</ (webpack:///./cypress/e2e/public.cy.js:140:15)\n    at ../driver/src/cypress/cy.ts/setRunnable/runnable.fn (http://localhost:3000/__cypress/runner/cypress_runner.js:157625:43)\n    at callFn (http://localhost:3000/__cypress/runner/cypress_runner.js:107910:21)\n    at ../driver/src/cypress/runner.ts/create/onRunnableRun (http://localhost:3000/__cypress/runner/cypress_runner.js:164934:30)\n    at finallyHandler (http://localhost:3000/__cypress/runner/cypress_runner.js:7872:23)\n    at tryCatcher (http://localhost:3000/__cypress/runner/cypress_runner.js:11318:23)\n    at ../../node_modules/bluebird/js/release/promise.js/</module.exports/Promise.prototype._settlePromiseFromHandler (http://localhost:3000/__cypress/runner/cypress_runner.js:9253:31)\n    at ../../node_modules/bluebird/js/release/promise.js/</module.exports/Promise.prototype._settlePromise (http://localhost:3000/__cypress/runner/cypress_runner.js:9310:18)\n    at ../../node_modules/bluebird/js/release/promise.js/</module.exports/Promise.prototype._settlePromise0 (http://localhost:3000/__cypress/runner/cypress_runner.js:9355:10)\n    at ../../node_modules/bluebird/js/release/promise.js/</module.exports/Promise.prototype._settlePromises (http://localhost:3000/__cypress/runner/cypress_runner.js:9435:18)\n    at _drainQueueStep (http://localhost:3000/__cypress/runner/cypress_runner.js:6025:12)\n    at _drainQueue (http://localhost:3000/__cypress/runner/cypress_runner.js:6018:24)\n    at ../../node_modules/bluebird/js/release/async.js/</Async.prototype._drainQueues (http://localhost:3000/__cypress/runner/cypress_runner.js:6034:16)\n    at ../../node_modules/bluebird/js/release/async.js/</Async/this.drainQueues (http://localhost:3000/__cypress/runner/cypress_runner.js:5904:14)",
                    "diff": null
                  },
                  "uuid": "f139bce0-958e-452f-82c9-01a1d0e8ed65",
                  "parentUUID": "7a6711f3-5b20-4c0f-9363-a5aecf1251e5",
                  "isHook": false,
                  "skipped": false
                },
                {
                  "title": "4-2 Green rendered correctly (only one line)",
                  "fullTitle": "Hack01 Public Test Problem 4 4-2 Green rendered correctly (only one line)",
                  "timedOut": null,
                  "duration": 4529,
                  "state": "failed",
                  "speed": null,
                  "pass": false,
                  "fail": true,
                  "pending": false,
                  "context": null,
                  "code": "const test = ['m', 'a', 'b', 'c', 'd', 'enter'];\nconst answer = ['green', 'grey', 'grey', 'grey', 'grey'];\nfor (let i = 0; i < test.length; i += 1) {\n  cy.get('body').type(`{${test[i]}}`);\n}\ncy.get('.Board-container > .Row-container > .Row-wrapper').eq(0).children().each(($el, index) => {\n  cy.wrap($el).should('have.class', answer[index]);\n});",
                  "err": {
                    "message": "AssertionError: Timed out retrying after 4000ms: Expected to find element: `.Board-container > .Row-container > .Row-wrapper`, but never found it.",
                    "estack": "AssertionError: Timed out retrying after 4000ms: Expected to find element: `.Board-container > .Row-container > .Row-wrapper`, but never found it.\n    at ./cypress/e2e/public.cy.js/</ (webpack:///./cypress/e2e/public.cy.js:156:15)\n    at ../driver/src/cypress/cy.ts/setRunnable/runnable.fn (http://localhost:3000/__cypress/runner/cypress_runner.js:157625:43)\n    at callFn (http://localhost:3000/__cypress/runner/cypress_runner.js:107910:21)\n    at ../driver/src/cypress/runner.ts/create/onRunnableRun (http://localhost:3000/__cypress/runner/cypress_runner.js:164934:30)\n    at finallyHandler (http://localhost:3000/__cypress/runner/cypress_runner.js:7872:23)\n    at tryCatcher (http://localhost:3000/__cypress/runner/cypress_runner.js:11318:23)\n    at ../../node_modules/bluebird/js/release/promise.js/</module.exports/Promise.prototype._settlePromiseFromHandler (http://localhost:3000/__cypress/runner/cypress_runner.js:9253:31)\n    at ../../node_modules/bluebird/js/release/promise.js/</module.exports/Promise.prototype._settlePromise (http://localhost:3000/__cypress/runner/cypress_runner.js:9310:18)\n    at ../../node_modules/bluebird/js/release/promise.js/</module.exports/Promise.prototype._settlePromise0 (http://localhost:3000/__cypress/runner/cypress_runner.js:9355:10)\n    at ../../node_modules/bluebird/js/release/promise.js/</module.exports/Promise.prototype._settlePromises (http://localhost:3000/__cypress/runner/cypress_runner.js:9435:18)\n    at _drainQueueStep (http://localhost:3000/__cypress/runner/cypress_runner.js:6025:12)\n    at _drainQueue (http://localhost:3000/__cypress/runner/cypress_runner.js:6018:24)\n    at ../../node_modules/bluebird/js/release/async.js/</Async.prototype._drainQueues (http://localhost:3000/__cypress/runner/cypress_runner.js:6034:16)\n    at ../../node_modules/bluebird/js/release/async.js/</Async/this.drainQueues (http://localhost:3000/__cypress/runner/cypress_runner.js:5904:14)",
                    "diff": null
                  },
                  "uuid": "1a30ff49-d571-467e-9000-a5ebd2a2690d",
                  "parentUUID": "7a6711f3-5b20-4c0f-9363-a5aecf1251e5",
                  "isHook": false,
                  "skipped": false
                },
                {
                  "title": "4-3 Green and yellow rendered correctly (only one line)",
                  "fullTitle": "Hack01 Public Test Problem 4 4-3 Green and yellow rendered correctly (only one line)",
                  "timedOut": null,
                  "duration": 4534,
                  "state": "failed",
                  "speed": null,
                  "pass": false,
                  "fail": true,
                  "pending": false,
                  "context": null,
                  "code": "const test = ['m', 'a', 'i', 'c', 'd', 'enter'];\nconst answer = ['green', 'grey', 'yellow', 'grey', 'grey'];\nfor (let i = 0; i < test.length; i += 1) {\n  cy.get('body').type(`{${test[i]}}`);\n}\ncy.get('.Board-container > .Row-container > .Row-wrapper').eq(0).children().each(($el, index) => {\n  cy.wrap($el).should('have.class', answer[index]);\n});",
                  "err": {
                    "message": "AssertionError: Timed out retrying after 4000ms: Expected to find element: `.Board-container > .Row-container > .Row-wrapper`, but never found it.",
                    "estack": "AssertionError: Timed out retrying after 4000ms: Expected to find element: `.Board-container > .Row-container > .Row-wrapper`, but never found it.\n    at ./cypress/e2e/public.cy.js/</ (webpack:///./cypress/e2e/public.cy.js:168:15)\n    at ../driver/src/cypress/cy.ts/setRunnable/runnable.fn (http://localhost:3000/__cypress/runner/cypress_runner.js:157625:43)\n    at callFn (http://localhost:3000/__cypress/runner/cypress_runner.js:107910:21)\n    at ../driver/src/cypress/runner.ts/create/onRunnableRun (http://localhost:3000/__cypress/runner/cypress_runner.js:164934:30)\n    at finallyHandler (http://localhost:3000/__cypress/runner/cypress_runner.js:7872:23)\n    at tryCatcher (http://localhost:3000/__cypress/runner/cypress_runner.js:11318:23)\n    at ../../node_modules/bluebird/js/release/promise.js/</module.exports/Promise.prototype._settlePromiseFromHandler (http://localhost:3000/__cypress/runner/cypress_runner.js:9253:31)\n    at ../../node_modules/bluebird/js/release/promise.js/</module.exports/Promise.prototype._settlePromise (http://localhost:3000/__cypress/runner/cypress_runner.js:9310:18)\n    at ../../node_modules/bluebird/js/release/promise.js/</module.exports/Promise.prototype._settlePromise0 (http://localhost:3000/__cypress/runner/cypress_runner.js:9355:10)\n    at ../../node_modules/bluebird/js/release/promise.js/</module.exports/Promise.prototype._settlePromises (http://localhost:3000/__cypress/runner/cypress_runner.js:9435:18)\n    at _drainQueueStep (http://localhost:3000/__cypress/runner/cypress_runner.js:6025:12)\n    at _drainQueue (http://localhost:3000/__cypress/runner/cypress_runner.js:6018:24)\n    at ../../node_modules/bluebird/js/release/async.js/</Async.prototype._drainQueues (http://localhost:3000/__cypress/runner/cypress_runner.js:6034:16)\n    at ../../node_modules/bluebird/js/release/async.js/</Async/this.drainQueues (http://localhost:3000/__cypress/runner/cypress_runner.js:5904:14)",
                    "diff": null
                  },
                  "uuid": "c3c186fa-4893-407b-a6c5-386e5a658015",
                  "parentUUID": "7a6711f3-5b20-4c0f-9363-a5aecf1251e5",
                  "isHook": false,
                  "skipped": false
                },
                {
                  "title": "4-4 Multiple Lines Test",
                  "fullTitle": "Hack01 Public Test Problem 4 4-4 Multiple Lines Test",
                  "timedOut": null,
                  "duration": 6299,
                  "state": "failed",
                  "speed": null,
                  "pass": false,
                  "fail": true,
                  "pending": false,
                  "context": null,
                  "code": "const tests = [['a', 'b', 'c', 'd', 'e', 'enter'], ['a', 'b', 'm', 'd', 'e', 'enter'], ['m', 'b', 'c', 's', 'e', 'enter'], ['m', 'u', 'i', 'n', 's', 'enter'], ['m', 'i', 'n', 'u', 's', 'enter']];\nconst answers = [['grey', 'grey', 'grey', 'grey', 'grey'], ['grey', 'grey', 'yellow', 'grey', 'grey'], ['green', 'grey', 'grey', 'yellow', 'grey'], ['green', 'yellow', 'yellow', 'yellow', 'green'], ['green', 'green', 'green', 'green', 'green']];\nfor (let line = 0; line < tests.length; line += 1) {\n  for (let i = 0; i < tests[0].length; i += 1) {\n    cy.get('body').type(`{${tests[line][i]}}`);\n  }\n}\ncy.get('.Board-container').children().each(($el, line) => {\n  if (line < answers.length) {\n    cy.wrap($el).children().eq(0).children().each(($el, i) => {\n      cy.wrap($el).should('have.text', tests[line][i]).should('have.class', answers[line][i]);\n    });\n  }\n});",
                  "err": {
                    "message": "AssertionError: Timed out retrying after 4000ms: Expected to find element: `.Board-container`, but never found it.",
                    "estack": "AssertionError: Timed out retrying after 4000ms: Expected to find element: `.Board-container`, but never found it.\n    at ./cypress/e2e/public.cy.js/</ (webpack:///./cypress/e2e/public.cy.js:195:15)\n    at ../driver/src/cypress/cy.ts/setRunnable/runnable.fn (http://localhost:3000/__cypress/runner/cypress_runner.js:157625:43)\n    at callFn (http://localhost:3000/__cypress/runner/cypress_runner.js:107910:21)\n    at ../driver/src/cypress/runner.ts/create/onRunnableRun (http://localhost:3000/__cypress/runner/cypress_runner.js:164934:30)\n    at finallyHandler (http://localhost:3000/__cypress/runner/cypress_runner.js:7872:23)\n    at tryCatcher (http://localhost:3000/__cypress/runner/cypress_runner.js:11318:23)\n    at ../../node_modules/bluebird/js/release/promise.js/</module.exports/Promise.prototype._settlePromiseFromHandler (http://localhost:3000/__cypress/runner/cypress_runner.js:9253:31)\n    at ../../node_modules/bluebird/js/release/promise.js/</module.exports/Promise.prototype._settlePromise (http://localhost:3000/__cypress/runner/cypress_runner.js:9310:18)\n    at ../../node_modules/bluebird/js/release/promise.js/</module.exports/Promise.prototype._settlePromise0 (http://localhost:3000/__cypress/runner/cypress_runner.js:9355:10)\n    at ../../node_modules/bluebird/js/release/promise.js/</module.exports/Promise.prototype._settlePromises (http://localhost:3000/__cypress/runner/cypress_runner.js:9435:18)\n    at _drainQueueStep (http://localhost:3000/__cypress/runner/cypress_runner.js:6025:12)\n    at _drainQueue (http://localhost:3000/__cypress/runner/cypress_runner.js:6018:24)\n    at ../../node_modules/bluebird/js/release/async.js/</Async.prototype._drainQueues (http://localhost:3000/__cypress/runner/cypress_runner.js:6034:16)\n    at ../../node_modules/bluebird/js/release/async.js/</Async/this.drainQueues (http://localhost:3000/__cypress/runner/cypress_runner.js:5904:14)",
                    "diff": null
                  },
                  "uuid": "2d4cfc36-c50e-4628-8029-a4ad8a9cb6a5",
                  "parentUUID": "7a6711f3-5b20-4c0f-9363-a5aecf1251e5",
                  "isHook": false,
                  "skipped": false
                }
              ],
              "suites": [],
              "passes": [],
              "failures": [
                "f139bce0-958e-452f-82c9-01a1d0e8ed65",
                "1a30ff49-d571-467e-9000-a5ebd2a2690d",
                "c3c186fa-4893-407b-a6c5-386e5a658015",
                "2d4cfc36-c50e-4628-8029-a4ad8a9cb6a5"
              ],
              "pending": [],
              "skipped": [],
              "duration": 19910,
              "root": false,
              "rootEmpty": false,
              "_timeout": 2000
            },
            {
              "uuid": "6415db87-caf6-4a98-9921-07d1a691a0e7",
              "title": "Problem 5",
              "fullFile": "",
              "file": "",
              "beforeHooks": [],
              "afterHooks": [],
              "tests": [
                {
                  "title": "5-1 Render green correctly",
                  "fullTitle": "Hack01 Public Test Problem 5 5-1 Render green correctly",
                  "timedOut": null,
                  "duration": 4549,
                  "state": "failed",
                  "speed": null,
                  "pass": false,
                  "fail": true,
                  "pending": false,
                  "context": null,
                  "code": "const test = ['m', 'a', 'b', 'c', 'd', 'enter'];\nfor (let i = 0; i < test.length; i += 1) {\n  cy.get('body').type(`{${test[i]}}`);\n}\ncy.get('.Keyboard-container > .Keyboard-row > .Keyboard-char').contains('n').should('have.class', 'green');\ncy.get('.Keyboard-container > .Keyboard-row > .Keyboard-char').contains('y').should('have.class', 'green');\ncy.get('.Keyboard-container > .Keyboard-row > .Keyboard-char').contains('a').not('have.class', 'green').not('have.class', 'yellow');",
                  "err": {
                    "message": "AssertionError: Timed out retrying after 4000ms: Expected to find element: `.Keyboard-container > .Keyboard-row > .Keyboard-char`, but never found it.",
                    "estack": "AssertionError: Timed out retrying after 4000ms: Expected to find element: `.Keyboard-container > .Keyboard-row > .Keyboard-char`, but never found it.\n    at ./cypress/e2e/public.cy.js/</ (webpack:///./cypress/e2e/public.cy.js:218:15)\n    at ../driver/src/cypress/cy.ts/setRunnable/runnable.fn (http://localhost:3000/__cypress/runner/cypress_runner.js:157625:43)\n    at callFn (http://localhost:3000/__cypress/runner/cypress_runner.js:107910:21)\n    at ../driver/src/cypress/runner.ts/create/onRunnableRun (http://localhost:3000/__cypress/runner/cypress_runner.js:164934:30)\n    at finallyHandler (http://localhost:3000/__cypress/runner/cypress_runner.js:7872:23)\n    at tryCatcher (http://localhost:3000/__cypress/runner/cypress_runner.js:11318:23)\n    at ../../node_modules/bluebird/js/release/promise.js/</module.exports/Promise.prototype._settlePromiseFromHandler (http://localhost:3000/__cypress/runner/cypress_runner.js:9253:31)\n    at ../../node_modules/bluebird/js/release/promise.js/</module.exports/Promise.prototype._settlePromise (http://localhost:3000/__cypress/runner/cypress_runner.js:9310:18)\n    at ../../node_modules/bluebird/js/release/promise.js/</module.exports/Promise.prototype._settlePromise0 (http://localhost:3000/__cypress/runner/cypress_runner.js:9355:10)\n    at ../../node_modules/bluebird/js/release/promise.js/</module.exports/Promise.prototype._settlePromises (http://localhost:3000/__cypress/runner/cypress_runner.js:9435:18)\n    at _drainQueueStep (http://localhost:3000/__cypress/runner/cypress_runner.js:6025:12)\n    at _drainQueue (http://localhost:3000/__cypress/runner/cypress_runner.js:6018:24)\n    at ../../node_modules/bluebird/js/release/async.js/</Async.prototype._drainQueues (http://localhost:3000/__cypress/runner/cypress_runner.js:6034:16)\n    at ../../node_modules/bluebird/js/release/async.js/</Async/this.drainQueues (http://localhost:3000/__cypress/runner/cypress_runner.js:5904:14)",
                    "diff": null
                  },
                  "uuid": "5a4d7e33-4f32-4227-b9a8-fd55509c0e72",
                  "parentUUID": "6415db87-caf6-4a98-9921-07d1a691a0e7",
                  "isHook": false,
                  "skipped": false
                },
                {
                  "title": "5-2 Multiple Lines",
                  "fullTitle": "Hack01 Public Test Problem 5 5-2 Multiple Lines",
                  "timedOut": null,
                  "duration": 4543,
                  "state": "failed",
                  "speed": null,
                  "pass": false,
                  "fail": true,
                  "pending": false,
                  "context": null,
                  "code": "const tests = [['a', 'b', 'c', 'd', 'e', 'enter'], ['a', 'b', 'm', 'd', 'e', 'enter'], ['m', 'b', 'c', 's', 'e', 'enter'], ['m', 'u', 'i', 'n', 's', 'enter'], ['m', 'i', 'n', 'u', 's', 'enter']];\nconst answers = [['', '', '', '', ''], ['', '', 'yellow', '', ''], ['green', '', '', 'yellow', ''], ['green', 'yellow', 'yellow', 'yellow', 'green'], ['green', 'green', 'green', 'green', 'green']];\nfor (let line = 0; line < tests.length; line += 1) {\n  for (let i = 0; i < tests[0].length; i += 1) {\n    cy.get('body').type(`{${tests[line][i]}}`);\n  }\n  for (let i = 0; i < answers[0].length; i += 1) {\n    if (answers[line][i]) {\n      cy.get('.Keyboard-container > .Keyboard-row > .Keyboard-char').contains(`${tests[line][i]}`).should('have.class', `${answers[line][i]}`);\n    } else {\n      cy.get('.Keyboard-container > .Keyboard-row > .Keyboard-char').contains(`${tests[line][i]}`).not('have.class', 'green').not('have.class', 'yellow');\n    }\n  }\n}",
                  "err": {
                    "message": "AssertionError: Timed out retrying after 4000ms: Expected to find element: `.Keyboard-container > .Keyboard-row > .Keyboard-char`, but never found it.",
                    "estack": "AssertionError: Timed out retrying after 4000ms: Expected to find element: `.Keyboard-container > .Keyboard-row > .Keyboard-char`, but never found it.\n    at ./cypress/e2e/public.cy.js/</ (webpack:///./cypress/e2e/public.cy.js:256:27)\n    at ../driver/src/cypress/cy.ts/setRunnable/runnable.fn (http://localhost:3000/__cypress/runner/cypress_runner.js:157625:43)\n    at callFn (http://localhost:3000/__cypress/runner/cypress_runner.js:107910:21)\n    at ../driver/src/cypress/runner.ts/create/onRunnableRun (http://localhost:3000/__cypress/runner/cypress_runner.js:164934:30)\n    at finallyHandler (http://localhost:3000/__cypress/runner/cypress_runner.js:7872:23)\n    at tryCatcher (http://localhost:3000/__cypress/runner/cypress_runner.js:11318:23)\n    at ../../node_modules/bluebird/js/release/promise.js/</module.exports/Promise.prototype._settlePromiseFromHandler (http://localhost:3000/__cypress/runner/cypress_runner.js:9253:31)\n    at ../../node_modules/bluebird/js/release/promise.js/</module.exports/Promise.prototype._settlePromise (http://localhost:3000/__cypress/runner/cypress_runner.js:9310:18)\n    at ../../node_modules/bluebird/js/release/promise.js/</module.exports/Promise.prototype._settlePromise0 (http://localhost:3000/__cypress/runner/cypress_runner.js:9355:10)\n    at ../../node_modules/bluebird/js/release/promise.js/</module.exports/Promise.prototype._settlePromises (http://localhost:3000/__cypress/runner/cypress_runner.js:9435:18)\n    at _drainQueueStep (http://localhost:3000/__cypress/runner/cypress_runner.js:6025:12)\n    at _drainQueue (http://localhost:3000/__cypress/runner/cypress_runner.js:6018:24)\n    at ../../node_modules/bluebird/js/release/async.js/</Async.prototype._drainQueues (http://localhost:3000/__cypress/runner/cypress_runner.js:6034:16)\n    at ../../node_modules/bluebird/js/release/async.js/</Async/this.drainQueues (http://localhost:3000/__cypress/runner/cypress_runner.js:5904:14)",
                    "diff": null
                  },
                  "uuid": "772330f7-e3fa-43e0-b3d5-3c592e0e2be0",
                  "parentUUID": "6415db87-caf6-4a98-9921-07d1a691a0e7",
                  "isHook": false,
                  "skipped": false
                }
              ],
              "suites": [],
              "passes": [],
              "failures": [
                "5a4d7e33-4f32-4227-b9a8-fd55509c0e72",
                "772330f7-e3fa-43e0-b3d5-3c592e0e2be0"
              ],
              "pending": [],
              "skipped": [],
              "duration": 9092,
              "root": false,
              "rootEmpty": false,
              "_timeout": 2000
            },
            {
              "uuid": "40672093-f053-401a-a863-429035ab6df0",
              "title": "Problem 6",
              "fullFile": "",
              "file": "",
              "beforeHooks": [],
              "afterHooks": [],
              "tests": [
                {
                  "title": "6-1 Show winning info",
                  "fullTitle": "Hack01 Public Test Problem 6 6-1 Show winning info",
                  "timedOut": null,
                  "duration": 6272,
                  "state": "failed",
                  "speed": null,
                  "pass": false,
                  "fail": true,
                  "pending": false,
                  "context": null,
                  "code": "const tests = [['a', 'b', 'c', 'd', 'e', 'enter'], ['a', 'b', 'm', 'd', 'e', 'enter'], ['m', 'b', 'c', 's', 'e', 'enter'], ['m', 'u', 'i', 'n', 's', 'enter'], ['m', 'i', 'n', 'u', 's', 'enter']];\nfor (let line = 0; line < tests.length; line += 1) {\n  for (let i = 0; i < tests[0].length; i += 1) {\n    cy.get('body').type(`{${tests[line][i]}}`);\n  }\n}\ncy.get('.Wordle-win').should('have.text', 'You win!!!!');",
                  "err": {
                    "message": "AssertionError: Timed out retrying after 4000ms: Expected to find element: `.Wordle-win`, but never found it.",
                    "estack": "AssertionError: Timed out retrying after 4000ms: Expected to find element: `.Wordle-win`, but never found it.\n    at ./cypress/e2e/public.cy.js/</ (webpack:///./cypress/e2e/public.cy.js:281:34)\n    at ../driver/src/cypress/cy.ts/setRunnable/runnable.fn (http://localhost:3000/__cypress/runner/cypress_runner.js:157625:43)\n    at callFn (http://localhost:3000/__cypress/runner/cypress_runner.js:107910:21)\n    at ../driver/src/cypress/runner.ts/create/onRunnableRun (http://localhost:3000/__cypress/runner/cypress_runner.js:164934:30)\n    at finallyHandler (http://localhost:3000/__cypress/runner/cypress_runner.js:7872:23)\n    at tryCatcher (http://localhost:3000/__cypress/runner/cypress_runner.js:11318:23)\n    at ../../node_modules/bluebird/js/release/promise.js/</module.exports/Promise.prototype._settlePromiseFromHandler (http://localhost:3000/__cypress/runner/cypress_runner.js:9253:31)\n    at ../../node_modules/bluebird/js/release/promise.js/</module.exports/Promise.prototype._settlePromise (http://localhost:3000/__cypress/runner/cypress_runner.js:9310:18)\n    at ../../node_modules/bluebird/js/release/promise.js/</module.exports/Promise.prototype._settlePromise0 (http://localhost:3000/__cypress/runner/cypress_runner.js:9355:10)\n    at ../../node_modules/bluebird/js/release/promise.js/</module.exports/Promise.prototype._settlePromises (http://localhost:3000/__cypress/runner/cypress_runner.js:9435:18)\n    at _drainQueueStep (http://localhost:3000/__cypress/runner/cypress_runner.js:6025:12)\n    at _drainQueue (http://localhost:3000/__cypress/runner/cypress_runner.js:6018:24)\n    at ../../node_modules/bluebird/js/release/async.js/</Async.prototype._drainQueues (http://localhost:3000/__cypress/runner/cypress_runner.js:6034:16)\n    at ../../node_modules/bluebird/js/release/async.js/</Async/this.drainQueues (http://localhost:3000/__cypress/runner/cypress_runner.js:5904:14)",
                    "diff": null
                  },
                  "uuid": "3ce9453a-b492-4b4a-ab2c-004e4b56dabd",
                  "parentUUID": "40672093-f053-401a-a863-429035ab6df0",
                  "isHook": false,
                  "skipped": false
                },
                {
                  "title": "6-2 Show losing info",
                  "fullTitle": "Hack01 Public Test Problem 6 6-2 Show losing info",
                  "timedOut": null,
                  "duration": 6729,
                  "state": "failed",
                  "speed": null,
                  "pass": false,
                  "fail": true,
                  "pending": false,
                  "context": null,
                  "code": "const tests = [['a', 'b', 'c', 'd', 'e', 'enter'], ['f', 'g', 'h', 'i', 'j', 'enter'], ['l', 'm', 'n', 'o', 'p', 'enter'], ['k', 'q', 'r', 's', 't', 'enter'], ['u', 'v', 'w', 'x', 'y', 'enter'], ['z', 'b', 'c', 'd', 'e', 'enter']];\nfor (let line = 0; line < tests.length; line += 1) {\n  for (let i = 0; i < tests[0].length; i += 1) {\n    cy.get('body').type(`{${tests[line][i]}}`);\n  }\n}\ncy.get('.Wordle-lose').not('have.class', 'Hidden').should('have.text', 'You lose!!!! The answer is minus.');",
                  "err": {
                    "message": "AssertionError: Timed out retrying after 4000ms: Expected to find element: `.Wordle-lose`, but never found it.",
                    "estack": "AssertionError: Timed out retrying after 4000ms: Expected to find element: `.Wordle-lose`, but never found it.\n    at ./cypress/e2e/public.cy.js/</ (webpack:///./cypress/e2e/public.cy.js:297:15)\n    at ../driver/src/cypress/cy.ts/setRunnable/runnable.fn (http://localhost:3000/__cypress/runner/cypress_runner.js:157625:43)\n    at callFn (http://localhost:3000/__cypress/runner/cypress_runner.js:107910:21)\n    at ../driver/src/cypress/runner.ts/create/onRunnableRun (http://localhost:3000/__cypress/runner/cypress_runner.js:164934:30)\n    at finallyHandler (http://localhost:3000/__cypress/runner/cypress_runner.js:7872:23)\n    at tryCatcher (http://localhost:3000/__cypress/runner/cypress_runner.js:11318:23)\n    at ../../node_modules/bluebird/js/release/promise.js/</module.exports/Promise.prototype._settlePromiseFromHandler (http://localhost:3000/__cypress/runner/cypress_runner.js:9253:31)\n    at ../../node_modules/bluebird/js/release/promise.js/</module.exports/Promise.prototype._settlePromise (http://localhost:3000/__cypress/runner/cypress_runner.js:9310:18)\n    at ../../node_modules/bluebird/js/release/promise.js/</module.exports/Promise.prototype._settlePromise0 (http://localhost:3000/__cypress/runner/cypress_runner.js:9355:10)\n    at ../../node_modules/bluebird/js/release/promise.js/</module.exports/Promise.prototype._settlePromises (http://localhost:3000/__cypress/runner/cypress_runner.js:9435:18)\n    at _drainQueueStep (http://localhost:3000/__cypress/runner/cypress_runner.js:6025:12)\n    at _drainQueue (http://localhost:3000/__cypress/runner/cypress_runner.js:6018:24)\n    at ../../node_modules/bluebird/js/release/async.js/</Async.prototype._drainQueues (http://localhost:3000/__cypress/runner/cypress_runner.js:6034:16)\n    at ../../node_modules/bluebird/js/release/async.js/</Async/this.drainQueues (http://localhost:3000/__cypress/runner/cypress_runner.js:5904:14)",
                    "diff": null
                  },
                  "uuid": "3a44f726-47d1-4688-be11-32fa9dbbb992",
                  "parentUUID": "40672093-f053-401a-a863-429035ab6df0",
                  "isHook": false,
                  "skipped": false
                }
              ],
              "suites": [],
              "passes": [],
              "failures": [
                "3ce9453a-b492-4b4a-ab2c-004e4b56dabd",
                "3a44f726-47d1-4688-be11-32fa9dbbb992"
              ],
              "pending": [],
              "skipped": [],
              "duration": 13001,
              "root": false,
              "rootEmpty": false,
              "_timeout": 2000
            }
          ],
          "passes": [],
          "failures": [],
          "pending": [],
          "skipped": [],
          "duration": 0,
          "root": false,
          "rootEmpty": false,
          "_timeout": 2000
        }
      ],
      "passes": [],
      "failures": [],
      "pending": [],
      "skipped": [],
      "duration": 0,
      "root": true,
      "rootEmpty": true,
      "_timeout": 2000
    }
  ],
  "meta": {
    "mocha": {
      "version": "7.0.1"
    },
    "mochawesome": {
      "options": {
        "quiet": false,
        "reportFilename": "mochawesome",
        "saveHtml": true,
        "saveJson": true,
        "consoleReporter": "spec",
        "useInlineDiffs": false,
        "code": true
      },
      "version": "7.1.3"
    },
    "marge": {
      "options": {
        "id": "default",
        "reportDir": "cypress/results",
        "overwrite": true,
        "html": true,
        "json": true
      },
      "version": "6.2.0"
    }
  }
}